Build started 17/07/2017 00:18:37.
     1>Project "H:\CSC3222\GameSimulations\GameSimulations\GameSimulations.vcxproj" on node 2 (Build target(s)).
     1>ClCompile:
         C:\Program Files (x86)\Microsoft Visual Studio 12.0\VC\bin\x86_amd64\CL.exe /c /I"H:\CSC3222\GameSimulations\SDL2-2.0.5\include" /I"H:\CSC3222\GameSimulations\SDL2-2.0.5\SDL2_image-2.0.1\include" /Zi /nologo /W3 /WX- /sdl /Od /D _MBCS /Gm /EHsc /RTC1 /MDd /GS /fp:precise /Zc:wchar_t /Zc:forScope /Fo"x64\Debug\\" /Fd"x64\Debug\vc120.pdb" /Gd /TP /errorReport:prompt AStar.cpp BoidFlock.cpp Entity.cpp Game.cpp Map.cpp PhysicsManager.cpp Renderer.cpp main.cpp
         Game.cpp
         Generating Code...
         Compiling...
         main.cpp
     1>main.cpp(17): warning C4244: 'initializing' : conversion from 'Uint32' to 'float', possible loss of data
     1>main.cpp(20): warning C4244: '=' : conversion from 'Uint32' to 'float', possible loss of data
         Renderer.cpp
     1>Renderer.cpp(14): warning C4244: '=' : conversion from 'Uint32' to 'float', possible loss of data
     1>Renderer.cpp(29): warning C4244: '=' : conversion from 'float' to 'int', possible loss of data
     1>Renderer.cpp(30): warning C4244: '=' : conversion from 'float' to 'int', possible loss of data
     1>Renderer.cpp(62): warning C4244: '=' : conversion from 'float' to 'int', possible loss of data
     1>Renderer.cpp(63): warning C4244: '=' : conversion from 'float' to 'int', possible loss of data
         PhysicsManager.cpp
         Map.cpp
     1>Map.cpp(27): warning C4244: 'argument' : conversion from 'int' to 'float', possible loss of data
         Entity.cpp
         BoidFlock.cpp
     1>BoidFlock.cpp(81): warning C4244: 'argument' : conversion from 'unsigned __int64' to 'const float', possible loss of data
         AStar.cpp
     1>AStar.cpp(58): warning C4244: 'initializing' : conversion from 'int' to 'float', possible loss of data
     1>AStar.cpp(60): warning C4244: '=' : conversion from 'float' to 'int', possible loss of data
     1>AStar.cpp(128): warning C4244: 'initializing' : conversion from 'float' to 'const int', possible loss of data
     1>AStar.cpp(230): warning C4244: 'initializing' : conversion from 'int' to 'float', possible loss of data
     1>AStar.cpp(232): warning C4244: '=' : conversion from 'float' to 'int', possible loss of data
     1>AStar.cpp(300): warning C4244: 'initializing' : conversion from 'float' to 'const int', possible loss of data
         Generating Code...
       Link:
         C:\Program Files (x86)\Microsoft Visual Studio 12.0\VC\bin\x86_amd64\link.exe /ERRORREPORT:PROMPT /OUT:"H:\CSC3222\GameSimulations\x64\Debug\GameSimulations.exe" /INCREMENTAL /NOLOGO "H:\CSC3222\GameSimulations\SDL2-2.0.5\lib\x64\SDL2.lib" "H:\CSC3222\GameSimulations\SDL2-2.0.5\lib\x64\SDL2main.lib" "H:\CSC3222\GameSimulations\SDL2-2.0.5\SDL2_image-2.0.1\lib\x64\SDL2_image.lib" kernel32.lib user32.lib gdi32.lib winspool.lib comdlg32.lib advapi32.lib shell32.lib ole32.lib oleaut32.lib uuid.lib odbc32.lib odbccp32.lib /MANIFEST /MANIFESTUAC:"level='asInvoker' uiAccess='false'" /manifest:embed /DEBUG /PDB:"H:\CSC3222\GameSimulations\x64\Debug\GameSimulations.pdb" /SUBSYSTEM:CONSOLE /TLBID:1 /DYNAMICBASE /NXCOMPAT /IMPLIB:"H:\CSC3222\GameSimulations\x64\Debug\GameSimulations.lib" /MACHINE:X64 x64\Debug\AStar.obj
         x64\Debug\BoidFlock.obj
         x64\Debug\Entity.obj
         x64\Debug\Game.obj
         x64\Debug\main.obj
         x64\Debug\Map.obj
         x64\Debug\PathNode.obj
         x64\Debug\PhysicsManager.obj
         x64\Debug\Renderer.obj
         x64\Debug\Utilities.obj
         x64\Debug\Vector2D.obj
         x64\Debug\Vector3D.obj
         GameSimulations.vcxproj -> H:\CSC3222\GameSimulations\x64\Debug\GameSimulations.exe
     1>Done Building Project "H:\CSC3222\GameSimulations\GameSimulations\GameSimulations.vcxproj" (Build target(s)).

Build succeeded.

Time Elapsed 00:00:07.80
